[09/12/2022 12:25:32] Debug: Session id: 64cf5477-cd2d-45dd-a923-4a536a20cbaf
[09/12/2022 12:25:32] Debug: Code Processor information: Name :SnowConvert, Version: 9.0.20.0
[09/12/2022 12:25:33] Debug: Getting license
[09/12/2022 12:25:33] Debug: License information
	Status: Failed
	Message: No active license available.
[09/12/2022 12:25:33] Info: Starting to validate parameters
[09/12/2022 12:25:33] Info: Parameters to validate: 
	Execution mode: Conversion
	LICENSE_KEY: a3372138-b87e-4a08-b929-3b48b24c63f1
[09/12/2022 12:25:33] Info: Validation of parameters: Success
[09/12/2022 12:25:33] Debug: Getting code descriptor
[09/12/2022 12:25:33] Debug: Code descriptor information
	Units: 58
	Units type: LOC
	All file bytes: 1917
	All found extensions: .sql,.dml,.ddl,.bteq,.btq,.fl,.fload,.ml,.mload,.mld,.tp,.tpump,.tpt
[09/12/2022 12:25:33] Debug: Calculating fingerprint
[09/12/2022 12:25:33] Debug: Fingerprint information Fingerprint(size=1917,projects=1)
[09/12/2022 12:25:33] Info: Starting to try to validate online license for execution
[09/12/2022 12:25:34] Debug: Getting license
[09/12/2022 12:25:34] Debug: License information
	Status: Failed
	Message: No active license available.
[09/12/2022 12:25:34] Debug: Starting the execution of the controller
[09/12/2022 12:25:35] Debug: Executing the worker: SnowConvert
[09/12/2022 12:25:45] Debug: Finished executing the worker: SnowConvert
[09/12/2022 12:25:47] Info: Controller execution ended
