[09/09/2022 10:21:26] Debug: Session id: 96989e8d-943d-4f18-a169-4471f565d781
[09/09/2022 10:21:26] Debug: Code Processor information: Name :SnowConvert, Version: 9.0.14.0
[09/09/2022 10:21:27] Debug: Getting license
[09/09/2022 10:21:27] Debug: License information
	Status: Failed
	Message: No active license available.
[09/09/2022 10:21:27] Info: Starting to validate parameters
[09/09/2022 10:21:27] Info: Parameters to validate: 
	Execution mode: Conversion
	LICENSE_KEY: a3372138-b87e-4a08-b929-3b48b24c63f1
[09/09/2022 10:21:27] Info: Validation of parameters: Success
[09/09/2022 10:21:27] Debug: Getting code descriptor
[09/09/2022 10:21:27] Debug: Code descriptor information
	Units: 58
	Units type: LOC
	All file bytes: 1917
	All found extensions: .sql,.dml,.ddl,.bteq,.btq,.fl,.fload,.ml,.mload,.mld,.tp,.tpump,.tpt
[09/09/2022 10:21:27] Debug: Calculating fingerprint
[09/09/2022 10:21:27] Debug: Fingerprint information Fingerprint(size=1917,projects=1)
[09/09/2022 10:21:27] Info: Starting to try to validate online license for execution
[09/09/2022 10:21:28] Debug: Getting license
[09/09/2022 10:21:28] Debug: License information
	Status: Failed
	Message: No active license available.
[09/09/2022 10:21:28] Debug: Starting the execution of the controller
[09/09/2022 10:21:29] Debug: Executing the worker: SnowConvert
[09/09/2022 10:21:39] Debug: Finished executing the worker: SnowConvert
[09/09/2022 10:21:41] Info: Controller execution ended
