[09/13/2022 13:46:08] Debug: Session id: 18e58bd1-c528-461c-9f95-01acad07f311
[09/13/2022 13:46:08] Debug: Code Processor information: Name :SnowConvert, Version: 9.0.22.0
[09/13/2022 13:46:09] Debug: Getting license
[09/13/2022 13:46:09] Debug: License information
	Status: Failed
	Message: No active license available.
[09/13/2022 13:46:09] Info: Starting to validate parameters
[09/13/2022 13:46:09] Info: Parameters to validate: 
	Execution mode: Conversion
	LICENSE_KEY: a3372138-b87e-4a08-b929-3b48b24c63f1
[09/13/2022 13:46:09] Info: Validation of parameters: Success
[09/13/2022 13:46:09] Debug: Getting code descriptor
[09/13/2022 13:46:09] Debug: Code descriptor information
	Units: 58
	Units type: LOC
	All file bytes: 1917
	All found extensions: .sql,.dml,.ddl,.bteq,.btq,.fl,.fload,.ml,.mload,.mld,.tp,.tpump,.tpt
[09/13/2022 13:46:09] Debug: Calculating fingerprint
[09/13/2022 13:46:09] Debug: Fingerprint information Fingerprint(size=1917,projects=1)
[09/13/2022 13:46:09] Info: Starting to try to validate online license for execution
[09/13/2022 13:46:11] Debug: Getting license
[09/13/2022 13:46:11] Debug: License information
	Status: Failed
	Message: No active license available.
[09/13/2022 13:46:11] Debug: Starting the execution of the controller
[09/13/2022 13:46:12] Debug: Executing the worker: SnowConvert
[09/13/2022 13:46:22] Debug: Finished executing the worker: SnowConvert
[09/13/2022 13:46:24] Info: Controller execution ended
