[09/12/2022 12:29:34] Debug: Session id: 4a59d974-24b1-41db-b4c3-754edd05bf5c
[09/12/2022 12:29:34] Debug: Code Processor information: Name :SnowConvert, Version: 9.0.20.0
[09/12/2022 12:29:35] Debug: Getting license
[09/12/2022 12:29:35] Debug: License information
	Status: Failed
	Message: No active license available.
[09/12/2022 12:29:35] Info: Starting to validate parameters
[09/12/2022 12:29:35] Info: Parameters to validate: 
	Execution mode: Conversion
	LICENSE_KEY: a3372138-b87e-4a08-b929-3b48b24c63f1
[09/12/2022 12:29:35] Info: Validation of parameters: Success
[09/12/2022 12:29:35] Debug: Getting code descriptor
[09/12/2022 12:29:35] Debug: Code descriptor information
	Units: 58
	Units type: LOC
	All file bytes: 1917
	All found extensions: .sql,.dml,.ddl,.bteq,.btq,.fl,.fload,.ml,.mload,.mld,.tp,.tpump,.tpt
[09/12/2022 12:29:35] Debug: Calculating fingerprint
[09/12/2022 12:29:35] Debug: Fingerprint information Fingerprint(size=1917,projects=1)
[09/12/2022 12:29:35] Info: Starting to try to validate online license for execution
[09/12/2022 12:29:36] Debug: Getting license
[09/12/2022 12:29:36] Debug: License information
	Status: Failed
	Message: No active license available.
[09/12/2022 12:29:36] Debug: Starting the execution of the controller
[09/12/2022 12:29:37] Debug: Executing the worker: SnowConvert
[09/12/2022 12:29:47] Debug: Finished executing the worker: SnowConvert
[09/12/2022 12:29:49] Info: Controller execution ended
