[09/13/2022 13:53:28] Debug: Session id: 678dfc4b-83e9-4b59-ab60-bb3d588d05ea
[09/13/2022 13:53:28] Debug: Code Processor information: Name :SnowConvert, Version: 9.0.22.0
[09/13/2022 13:53:28] Debug: Getting license
[09/13/2022 13:53:28] Debug: License information
	Status: Failed
	Message: No active license available.
[09/13/2022 13:53:28] Info: Starting to validate parameters
[09/13/2022 13:53:28] Info: Parameters to validate: 
	Execution mode: Conversion
	LICENSE_KEY: a3372138-b87e-4a08-b929-3b48b24c63f1
[09/13/2022 13:53:28] Info: Validation of parameters: Success
[09/13/2022 13:53:28] Debug: Getting code descriptor
[09/13/2022 13:53:28] Debug: Code descriptor information
	Units: 58
	Units type: LOC
	All file bytes: 1917
	All found extensions: .sql,.dml,.ddl,.bteq,.btq,.fl,.fload,.ml,.mload,.mld,.tp,.tpump,.tpt
[09/13/2022 13:53:28] Debug: Calculating fingerprint
[09/13/2022 13:53:28] Debug: Fingerprint information Fingerprint(size=1917,projects=1)
[09/13/2022 13:53:28] Info: Starting to try to validate online license for execution
[09/13/2022 13:53:30] Debug: Getting license
[09/13/2022 13:53:30] Debug: License information
	Status: Failed
	Message: No active license available.
[09/13/2022 13:53:30] Debug: Starting the execution of the controller
[09/13/2022 13:53:31] Debug: Executing the worker: SnowConvert
[09/13/2022 13:53:41] Debug: Finished executing the worker: SnowConvert
[09/13/2022 13:53:43] Info: Controller execution ended
