[09/13/2022 13:38:19] Debug: Session id: 97c4ef3c-7dc0-43fd-9d63-f01ef21fcb27
[09/13/2022 13:38:19] Debug: Code Processor information: Name :SnowConvert, Version: 9.0.22.0
[09/13/2022 13:38:20] Debug: Getting license
[09/13/2022 13:38:20] Debug: License information
	Status: Failed
	Message: No active license available.
[09/13/2022 13:38:20] Info: Starting to validate parameters
[09/13/2022 13:38:20] Info: Parameters to validate: 
	Execution mode: Conversion
	LICENSE_KEY: a3372138-b87e-4a08-b929-3b48b24c63f1
[09/13/2022 13:38:20] Info: Validation of parameters: Success
[09/13/2022 13:38:20] Debug: Getting code descriptor
[09/13/2022 13:38:20] Debug: Code descriptor information
	Units: 58
	Units type: LOC
	All file bytes: 1917
	All found extensions: .sql,.dml,.ddl,.bteq,.btq,.fl,.fload,.ml,.mload,.mld,.tp,.tpump,.tpt
[09/13/2022 13:38:20] Debug: Calculating fingerprint
[09/13/2022 13:38:20] Debug: Fingerprint information Fingerprint(size=1917,projects=1)
[09/13/2022 13:38:20] Info: Starting to try to validate online license for execution
[09/13/2022 13:38:22] Debug: Getting license
[09/13/2022 13:38:22] Debug: License information
	Status: Failed
	Message: No active license available.
[09/13/2022 13:38:22] Debug: Starting the execution of the controller
[09/13/2022 13:38:23] Debug: Executing the worker: SnowConvert
[09/13/2022 13:38:33] Debug: Finished executing the worker: SnowConvert
[09/13/2022 13:38:35] Info: Controller execution ended
